In file included from <built-in>:2:
In file included from /virtual/include/bcc/bpf.h:12:
In file included from include/linux/types.h:6:
In file included from include/uapi/linux/types.h:14:
In file included from include/uapi/linux/posix_types.h:5:
In file included from include/linux/stddef.h:5:
In file included from include/uapi/linux/stddef.h:5:
In file included from include/linux/compiler_types.h:80:
include/linux/compiler-clang.h:41:9: warning: '__HAVE_BUILTIN_BSWAP32__' macro redefined [-Wmacro-redefined]
#define __HAVE_BUILTIN_BSWAP32__
        ^
<command line>:4:9: note: previous definition is here
#define __HAVE_BUILTIN_BSWAP32__ 1
        ^
In file included from <built-in>:2:
In file included from /virtual/include/bcc/bpf.h:12:
In file included from include/linux/types.h:6:
In file included from include/uapi/linux/types.h:14:
In file included from include/uapi/linux/posix_types.h:5:
In file included from include/linux/stddef.h:5:
In file included from include/uapi/linux/stddef.h:5:
In file included from include/linux/compiler_types.h:80:
include/linux/compiler-clang.h:42:9: warning: '__HAVE_BUILTIN_BSWAP64__' macro redefined [-Wmacro-redefined]
#define __HAVE_BUILTIN_BSWAP64__
        ^
<command line>:5:9: note: previous definition is here
#define __HAVE_BUILTIN_BSWAP64__ 1
        ^
In file included from <built-in>:2:
In file included from /virtual/include/bcc/bpf.h:12:
In file included from include/linux/types.h:6:
In file included from include/uapi/linux/types.h:14:
In file included from include/uapi/linux/posix_types.h:5:
In file included from include/linux/stddef.h:5:
In file included from include/uapi/linux/stddef.h:5:
In file included from include/linux/compiler_types.h:80:
include/linux/compiler-clang.h:43:9: warning: '__HAVE_BUILTIN_BSWAP16__' macro redefined [-Wmacro-redefined]
#define __HAVE_BUILTIN_BSWAP16__
        ^
<command line>:3:9: note: previous definition is here
#define __HAVE_BUILTIN_BSWAP16__ 1
        ^
3 warnings generated.
23:15:20 TIME     PCOMM            PID    PPID   RET ARGS
sshd             1861   706      0 /usr/sbin/sshd -D -R
23:15:20 sh               1863   1861     0 /bin/sh -c /usr/bin/env -i PATH=/usr/local/sbin:/usr/local/bin:/usr/sbin:/usr/bin:/sbin:/bin run-parts --lsbsysinit /etc/update-motd.d > /r
23:15:20 env              1864   1863     0 /usr/bin/env -i PATH=/usr/local/sbin:/usr/local/bin:/usr/sbin:/usr/bin:/sbin:/bin run-parts --lsbsysinit /etc/update-motd.d
23:15:20 run-parts        1864   1863     0 /usr/bin/run-parts --lsbsysinit /etc/update-motd.d
23:15:20 00-header        1865   1864     0 /etc/update-motd.d/00-header
23:15:20 uname            1866   1865     0 /usr/bin/uname -o
23:15:20 uname            1867   1865     0 /usr/bin/uname -r
23:15:20 uname            1868   1865     0 /usr/bin/uname -m
23:15:20 10-help-text     1869   1864     0 /etc/update-motd.d/10-help-text
23:15:20 50-landscape-sy  1870   1864     0 /etc/update-motd.d/50-landscape-sysinfo
23:15:20 find             1871   1870     0 /usr/bin/find /var/lib/landscape/landscape-sysinfo.cache -newermt now-1 minutes
23:15:20 grep             1872   1870     0 /usr/bin/grep -c ^processor /proc/cpuinfo
23:15:20 bc               1875   1873     0 /usr/bin/bc
23:15:20 cut              1876   1874     0 /usr/bin/cut -f1 -d   /proc/loadavg
23:15:20 grep             1878   1870     0 /usr/bin/grep -q System information as of /var/lib/landscape/landscape-sysinfo.cache
23:15:20 cat              1879   1870     0 /usr/bin/cat /var/lib/landscape/landscape-sysinfo.cache
23:15:20 50-motd-news     1880   1864     0 /etc/update-motd.d/50-motd-news
23:15:20 85-fwupd         1881   1864     0 /etc/update-motd.d/85-fwupd
23:15:20 91-contract-ua-  1882   1864     0 /etc/update-motd.d/91-contract-ua-esm-status
23:15:20 97-overlayroot   1883   1864     0 /etc/update-motd.d/97-overlayroot
23:15:20 sort             1886   1884     0 /usr/bin/sort -r
23:15:20 egrep            1885   1884     0 /usr/bin/egrep overlayroot|/media/root-ro|/media/root-rw /proc/mounts
23:15:20 grep             1885   1884     0 /usr/bin/grep -E overlayroot|/media/root-ro|/media/root-rw /proc/mounts
23:15:20 99-bento         1887   1864     0 /etc/update-motd.d/99-bento
23:15:20 cat              1888   1887     0 /usr/bin/cat
23:15:20 bash             1890   1889     0 /bin/bash  echo "=== EXECSNOOP LOG ==="; tail -30 /tmp/execsnoop.log; echo "=== TCP LOG ==="; cat /tmp/tcp.log
23:15:20 tail             1891   1890     0 /usr/bin/tail -30 /tmp/execsnoop.log
23:15:20 cat              1890   1889     0 /usr/bin/cat /tmp/tcp.log
23:15:37 sshd             1892   706      0 /usr/sbin/sshd -D -R
23:15:38 sh               1894   1892     0 /bin/sh -c /usr/bin/env -i PATH=/usr/local/sbin:/usr/local/bin:/usr/sbin:/usr/bin:/sbin:/bin run-parts --lsbsysinit /etc/update-motd.d > /r
23:15:38 env              1895   1894     0 /usr/bin/env -i PATH=/usr/local/sbin:/usr/local/bin:/usr/sbin:/usr/bin:/sbin:/bin run-parts --lsbsysinit /etc/update-motd.d
23:15:38 run-parts        1895   1894     0 /usr/bin/run-parts --lsbsysinit /etc/update-motd.d
23:15:38 00-header        1896   1895     0 /etc/update-motd.d/00-header
23:15:38 uname            1897   1896     0 /usr/bin/uname -o
23:15:38 uname            1898   1896     0 /usr/bin/uname -r
23:15:38 uname            1899   1896     0 /usr/bin/uname -m
23:15:38 10-help-text     1900   1895     0 /etc/update-motd.d/10-help-text
23:15:38 50-landscape-sy  1901   1895     0 /etc/update-motd.d/50-landscape-sysinfo
23:15:38 find             1902   1901     0 /usr/bin/find /var/lib/landscape/landscape-sysinfo.cache -newermt now-1 minutes
23:15:38 grep             1903   1901     0 /usr/bin/grep -c ^processor /proc/cpuinfo
23:15:38 bc               1906   1904     0 /usr/bin/bc
23:15:38 cut              1907   1905     0 /usr/bin/cut -f1 -d   /proc/loadavg
23:15:38 grep             1909   1901     0 /usr/bin/grep -q System information as of /var/lib/landscape/landscape-sysinfo.cache
23:15:38 cat              1910   1901     0 /usr/bin/cat /var/lib/landscape/landscape-sysinfo.cache
23:15:38 50-motd-news     1911   1895     0 /etc/update-motd.d/50-motd-news
23:15:38 85-fwupd         1912   1895     0 /etc/update-motd.d/85-fwupd
23:15:38 91-contract-ua-  1913   1895     0 /etc/update-motd.d/91-contract-ua-esm-status
23:15:38 97-overlayroot   1914   1895     0 /etc/update-motd.d/97-overlayroot
23:15:38 sort             1917   1915     0 /usr/bin/sort -r
23:15:38 egrep            1916   1915     0 /usr/bin/egrep overlayroot|/media/root-ro|/media/root-rw /proc/mounts
23:15:38 grep             1916   1915     0 /usr/bin/grep -E overlayroot|/media/root-ro|/media/root-rw /proc/mounts
23:15:38 99-bento         1918   1895     0 /etc/update-motd.d/99-bento
23:15:38 cat              1919   1918     0 /usr/bin/cat
23:15:38 bash             1921   1920     0 /bin/bash  grep -v "^In file\|^#define\|^include/\|warning:\|note:\|error:\|^$\|Traceback\|File \"/\|Exception\|command line\|^\^" /tmp/exe
23:15:38 head             1924   1921     0 /usr/bin/head -30
23:15:38 grep             1923   1921     0 /usr/bin/grep -v warnings generated
23:15:38 grep             1922   1921     0 /usr/bin/grep -v ^In file\|^#define\|^include/\|warning:\|note:\|error:\|^$\|Traceback\|File "/\|Exception\|command line\|^\^ /tmp/execsnoop.log
23:15:51 sshd             1925   706      0 /usr/sbin/sshd -D -R
23:15:51 sh               1927   1925     0 /bin/sh -c /usr/bin/env -i PATH=/usr/local/sbin:/usr/local/bin:/usr/sbin:/usr/bin:/sbin:/bin run-parts --lsbsysinit /etc/update-motd.d > /r
23:15:51 env              1928   1927     0 /usr/bin/env -i PATH=/usr/local/sbin:/usr/local/bin:/usr/sbin:/usr/bin:/sbin:/bin run-parts --lsbsysinit /etc/update-motd.d
23:15:51 run-parts        1928   1927     0 /usr/bin/run-parts --lsbsysinit /etc/update-motd.d
23:15:51 00-header        1929   1928     0 /etc/update-motd.d/00-header
23:15:51 uname            1930   1929     0 /usr/bin/uname -o
23:15:51 uname            1931   1929     0 /usr/bin/uname -r
23:15:51 uname            1932   1929     0 /usr/bin/uname -m
23:15:51 10-help-text     1933   1928     0 /etc/update-motd.d/10-help-text
23:15:51 50-landscape-sy  1934   1928     0 /etc/update-motd.d/50-landscape-sysinfo
23:15:51 find             1935   1934     0 /usr/bin/find /var/lib/landscape/landscape-sysinfo.cache -newermt now-1 minutes
23:15:51 grep             1936   1934     0 /usr/bin/grep -c ^processor /proc/cpuinfo
23:15:51 bc               1939   1937     0 /usr/bin/bc
23:15:51 cut              1940   1938     0 /usr/bin/cut -f1 -d   /proc/loadavg
23:15:51 grep             1942   1934     0 /usr/bin/grep -q System information as of /var/lib/landscape/landscape-sysinfo.cache
23:15:51 cat              1943   1934     0 /usr/bin/cat /var/lib/landscape/landscape-sysinfo.cache
23:15:51 50-motd-news     1944   1928     0 /etc/update-motd.d/50-motd-news
23:15:51 85-fwupd         1945   1928     0 /etc/update-motd.d/85-fwupd
23:15:51 91-contract-ua-  1946   1928     0 /etc/update-motd.d/91-contract-ua-esm-status
23:15:51 97-overlayroot   1947   1928     0 /etc/update-motd.d/97-overlayroot
23:15:51 sort             1950   1948     0 /usr/bin/sort -r
23:15:51 egrep            1949   1948     0 /usr/bin/egrep overlayroot|/media/root-ro|/media/root-rw /proc/mounts
23:15:51 grep             1949   1948     0 /usr/bin/grep -E overlayroot|/media/root-ro|/media/root-rw /proc/mounts
23:15:51 99-bento         1951   1928     0 /etc/update-motd.d/99-bento
23:15:51 cat              1952   1951     0 /usr/bin/cat
23:15:51 bash             1954   1953     0 /bin/bash -c cp /tmp/execsnoop.log /vagrant/execsnoop.log
23:15:51 cp               1954   1953     0 /usr/bin/cp /tmp/execsnoop.log /vagrant/execsnoop.log
